<?xml version="1.0" encoding="UTF-8"?>
<!-- Generated by org.testng.reporters.JUnitXMLReporter -->
<testsuite ignored="2" hostname="ISCHLAPHP21641" failures="1" tests="1" name="Personal Loan(failed)" time="0.055" errors="0" timestamp="2024-03-19T12:00:04 IST">
  <testcase classname="TestNG.Day4" name="MoblieLoginHomeLoan" time="0.013">
    <failure type="java.lang.AssertionError" message="expected [true] but found [false]">
      <![CDATA[java.lang.AssertionError: expected [true] but found [false]
at TestNG.Day4.MoblieLoginHomeLoan(Day4.java:21)
at java.base/java.util.ArrayList.forEach(ArrayList.java:1511)
... Removed 31 stack frames]]>
    </failure>
  </testcase> <!-- MoblieLoginHomeLoan -->
  <testcase classname="TestNG.Day4" name="WebLoginHomeLoan" time="0.0">
    <ignored/>
  </testcase> <!-- WebLoginHomeLoan -->
  <testcase classname="TestNG.Day4" name="APILoginHomeLoan" time="0.0">
    <ignored/>
  </testcase> <!-- APILoginHomeLoan -->
</testsuite> <!-- Personal Loan(failed) -->
